-- Found ament_cmake: 1.3.6 (/opt/ros/humble/share/ament_cmake/cmake)
-- Found rosidl_default_generators: 1.2.0 (/opt/ros/humble/share/rosidl_default_generators/cmake)
-- Using all available rosidl_typesupport_c: rosidl_typesupport_fastrtps_c;rosidl_typesupport_introspection_c
-- Found rosidl_adapter: 3.1.5 (/opt/ros/humble/share/rosidl_adapter/cmake)
-- Using all available rosidl_typesupport_cpp: rosidl_typesupport_fastrtps_cpp;rosidl_typesupport_introspection_cpp
-- Found ament_cmake_ros: 0.10.0 (/opt/ros/humble/share/ament_cmake_ros/cmake)
-- Using all available rosidl_typesupport_c: rosidl_typesupport_fastrtps_c;rosidl_typesupport_introspection_c
-- Using all available rosidl_typesupport_cpp: rosidl_typesupport_fastrtps_cpp;rosidl_typesupport_introspection_cpp
-- Found python_cmake_module: 0.10.0 (/opt/ros/humble/share/python_cmake_module/cmake)
-- Using PYTHON_EXECUTABLE: /home/cch/anaconda3/bin/python3
-- Using PYTHON_INCLUDE_DIRS: /home/cch/anaconda3/include/python3.11
-- Using PYTHON_LIBRARIES: /home/cch/anaconda3/lib/libpython3.11.so
-- Using numpy include directory: /home/cch/anaconda3/lib/python3.11/site-packages/numpy/core/include
-- Found ament_lint_auto: 0.12.9 (/opt/ros/humble/share/ament_lint_auto/cmake)
-- Added test 'lint_cmake' to check CMake code style
-- Added test 'xmllint' to check XML markup files
-- Configuring done
-- Generating done
-- Build files have been written to: /home/cch/ros_homework/build/image_msg
[35m[1mConsolidate compiler generated dependencies of target image_msg__rosidl_generator_c[0m
[  3%] Built target image_msg__cpp
[ 12%] Built target image_msg__rosidl_generator_c
[ 12%] Built target ament_cmake_python_copy_image_msg
[35m[1mConsolidate compiler generated dependencies of target image_msg__rosidl_typesupport_fastrtps_cpp[0m
[35m[1mConsolidate compiler generated dependencies of target image_msg__rosidl_typesupport_fastrtps_c[0m
[35m[1mConsolidate compiler generated dependencies of target image_msg__rosidl_typesupport_introspection_cpp[0m
[35m[1mConsolidate compiler generated dependencies of target image_msg__rosidl_typesupport_introspection_c[0m
[35m[1mConsolidate compiler generated dependencies of target image_msg__rosidl_typesupport_c[0m
[35m[1mConsolidate compiler generated dependencies of target image_msg__rosidl_typesupport_cpp[0m
[ 22%] Built target image_msg__rosidl_typesupport_introspection_c
[ 32%] Built target image_msg__rosidl_typesupport_fastrtps_cpp
[ 41%] Built target image_msg__rosidl_typesupport_cpp
[ 51%] Built target image_msg__rosidl_typesupport_c
[ 61%] Built target image_msg__rosidl_typesupport_fastrtps_c
[ 70%] Built target image_msg__rosidl_typesupport_introspection_cpp
[ 70%] Built target image_msg
[ 74%] [34m[1mGenerating Python code for ROS interfaces[0m
Traceback (most recent call last):
  File "/opt/ros/humble/share/rosidl_generator_py/cmake/../../../lib/rosidl_generator_py/rosidl_generator_py", line 8, in <module>
    from rosidl_generator_py import generate_py
ImportError: cannot import name 'generate_py' from 'rosidl_generator_py' (/opt/ros/humble/local/lib/python3.10/dist-packages/rosidl_generator_py/__init__.py)
gmake[2]: *** [image_msg__py/CMakeFiles/image_msg__py.dir/build.make:91: rosidl_generator_py/image_msg/_image_msg_s.ep.rosidl_typesupport_fastrtps_c.c] Error 1
gmake[1]: *** [CMakeFiles/Makefile2:590: image_msg__py/CMakeFiles/image_msg__py.dir/all] Error 2
gmake[1]: *** Waiting for unfinished jobs....
running egg_info
writing image_msg.egg-info/PKG-INFO
writing dependency_links to image_msg.egg-info/dependency_links.txt
writing top-level names to image_msg.egg-info/top_level.txt
reading manifest file 'image_msg.egg-info/SOURCES.txt'
writing manifest file 'image_msg.egg-info/SOURCES.txt'
[ 74%] Built target ament_cmake_python_build_image_msg_egg
gmake: *** [Makefile:146: all] Error 2
