[0.026s] Invoking command in '/home/cch/ros_homework/build/image_msg': CMAKE_PREFIX_PATH=/opt/ros/humble CONDA_PROMPT_MODIFIER=(base) /usr/bin/cmake --build /home/cch/ros_homework/build/image_msg -- -j20 -l20
[0.036s] -- Found ament_cmake: 1.3.6 (/opt/ros/humble/share/ament_cmake/cmake)
[0.121s] -- Found rosidl_default_generators: 1.2.0 (/opt/ros/humble/share/rosidl_default_generators/cmake)
[0.121s] -- Using all available rosidl_typesupport_c: rosidl_typesupport_fastrtps_c;rosidl_typesupport_introspection_c
[0.123s] -- Found rosidl_adapter: 3.1.5 (/opt/ros/humble/share/rosidl_adapter/cmake)
[0.248s] -- Using all available rosidl_typesupport_cpp: rosidl_typesupport_fastrtps_cpp;rosidl_typesupport_introspection_cpp
[0.401s] -- Found ament_cmake_ros: 0.10.0 (/opt/ros/humble/share/ament_cmake_ros/cmake)
[0.506s] -- Using all available rosidl_typesupport_c: rosidl_typesupport_fastrtps_c;rosidl_typesupport_introspection_c
[0.641s] -- Using all available rosidl_typesupport_cpp: rosidl_typesupport_fastrtps_cpp;rosidl_typesupport_introspection_cpp
[0.654s] -- Found python_cmake_module: 0.10.0 (/opt/ros/humble/share/python_cmake_module/cmake)
[0.668s] -- Using PYTHON_EXECUTABLE: /home/cch/anaconda3/bin/python3
[0.668s] -- Using PYTHON_INCLUDE_DIRS: /home/cch/anaconda3/include/python3.11
[0.668s] -- Using PYTHON_LIBRARIES: /home/cch/anaconda3/lib/libpython3.11.so
[0.771s] -- Using numpy include directory: /home/cch/anaconda3/lib/python3.11/site-packages/numpy/core/include
[0.774s] -- Found ament_lint_auto: 0.12.9 (/opt/ros/humble/share/ament_lint_auto/cmake)
[0.778s] -- Added test 'lint_cmake' to check CMake code style
[0.778s] -- Added test 'xmllint' to check XML markup files
[0.779s] -- Configuring done
[0.792s] -- Generating done
[0.793s] -- Build files have been written to: /home/cch/ros_homework/build/image_msg
[0.806s] [35m[1mConsolidate compiler generated dependencies of target image_msg__rosidl_generator_c[0m
[0.810s] [  3%] Built target image_msg__cpp
[0.810s] [ 12%] Built target image_msg__rosidl_generator_c
[0.814s] [ 12%] Built target ament_cmake_python_copy_image_msg
[0.815s] [35m[1mConsolidate compiler generated dependencies of target image_msg__rosidl_typesupport_fastrtps_cpp[0m
[0.815s] [35m[1mConsolidate compiler generated dependencies of target image_msg__rosidl_typesupport_fastrtps_c[0m
[0.816s] [35m[1mConsolidate compiler generated dependencies of target image_msg__rosidl_typesupport_introspection_cpp[0m
[0.816s] [35m[1mConsolidate compiler generated dependencies of target image_msg__rosidl_typesupport_introspection_c[0m
[0.816s] [35m[1mConsolidate compiler generated dependencies of target image_msg__rosidl_typesupport_c[0m
[0.817s] [35m[1mConsolidate compiler generated dependencies of target image_msg__rosidl_typesupport_cpp[0m
[0.821s] [ 22%] Built target image_msg__rosidl_typesupport_introspection_c
[0.822s] [ 32%] Built target image_msg__rosidl_typesupport_fastrtps_cpp
[0.822s] [ 41%] Built target image_msg__rosidl_typesupport_cpp
[0.822s] [ 51%] Built target image_msg__rosidl_typesupport_c
[0.823s] [ 61%] Built target image_msg__rosidl_typesupport_fastrtps_c
[0.823s] [ 70%] Built target image_msg__rosidl_typesupport_introspection_cpp
[0.832s] [ 70%] Built target image_msg
[0.840s] [ 74%] [34m[1mGenerating Python code for ROS interfaces[0m
[0.868s] Traceback (most recent call last):
[0.868s]   File "/opt/ros/humble/share/rosidl_generator_py/cmake/../../../lib/rosidl_generator_py/rosidl_generator_py", line 8, in <module>
[0.868s]     from rosidl_generator_py import generate_py
[0.868s] ImportError: cannot import name 'generate_py' from 'rosidl_generator_py' (/opt/ros/humble/local/lib/python3.10/dist-packages/rosidl_generator_py/__init__.py)
[0.873s] gmake[2]: *** [image_msg__py/CMakeFiles/image_msg__py.dir/build.make:91: rosidl_generator_py/image_msg/_image_msg_s.ep.rosidl_typesupport_fastrtps_c.c] Error 1
[0.873s] gmake[1]: *** [CMakeFiles/Makefile2:590: image_msg__py/CMakeFiles/image_msg__py.dir/all] Error 2
[0.873s] gmake[1]: *** Waiting for unfinished jobs....
[0.943s] running egg_info
[0.944s] writing image_msg.egg-info/PKG-INFO
[0.944s] writing dependency_links to image_msg.egg-info/dependency_links.txt
[0.944s] writing top-level names to image_msg.egg-info/top_level.txt
[0.945s] reading manifest file 'image_msg.egg-info/SOURCES.txt'
[0.946s] writing manifest file 'image_msg.egg-info/SOURCES.txt'
[0.960s] [ 74%] Built target ament_cmake_python_build_image_msg_egg
[0.960s] gmake: *** [Makefile:146: all] Error 2
[0.961s] Invoked command in '/home/cch/ros_homework/build/image_msg' returned '2': CMAKE_PREFIX_PATH=/opt/ros/humble CONDA_PROMPT_MODIFIER=(base) /usr/bin/cmake --build /home/cch/ros_homework/build/image_msg -- -j20 -l20
