[0.028s] Invoking command in '/home/cch/ros_homework/build/image_msg': CMAKE_PREFIX_PATH=/opt/ros/humble CONDA_PROMPT_MODIFIER=(base) /usr/bin/cmake --build /home/cch/ros_homework/build/image_msg -- -j20 -l20
[0.043s] -- Found ament_cmake: 1.3.6 (/opt/ros/humble/share/ament_cmake/cmake)
[0.151s] -- Found rosidl_default_generators: 1.2.0 (/opt/ros/humble/share/rosidl_default_generators/cmake)
[0.154s] -- Using all available rosidl_typesupport_c: rosidl_typesupport_fastrtps_c;rosidl_typesupport_introspection_c
[0.157s] -- Found rosidl_adapter: 3.1.5 (/opt/ros/humble/share/rosidl_adapter/cmake)
[0.356s] -- Using all available rosidl_typesupport_cpp: rosidl_typesupport_fastrtps_cpp;rosidl_typesupport_introspection_cpp
[0.524s] -- Found ament_cmake_ros: 0.10.0 (/opt/ros/humble/share/ament_cmake_ros/cmake)
[0.634s] -- Using all available rosidl_typesupport_c: rosidl_typesupport_fastrtps_c;rosidl_typesupport_introspection_c
[0.772s] -- Using all available rosidl_typesupport_cpp: rosidl_typesupport_fastrtps_cpp;rosidl_typesupport_introspection_cpp
[0.786s] -- Found python_cmake_module: 0.10.0 (/opt/ros/humble/share/python_cmake_module/cmake)
[0.800s] -- Using PYTHON_EXECUTABLE: /home/cch/anaconda3/bin/python3
[0.800s] -- Using PYTHON_INCLUDE_DIRS: /home/cch/anaconda3/include/python3.11
[0.800s] -- Using PYTHON_LIBRARIES: /home/cch/anaconda3/lib/libpython3.11.so
[0.977s] -- Using numpy include directory: /home/cch/anaconda3/lib/python3.11/site-packages/numpy/core/include
[0.980s] -- Found ament_lint_auto: 0.12.9 (/opt/ros/humble/share/ament_lint_auto/cmake)
[0.994s] -- Added test 'lint_cmake' to check CMake code style
[0.995s] -- Added test 'xmllint' to check XML markup files
[0.997s] -- Configuring done
[1.022s] -- Generating done
[1.023s] -- Build files have been written to: /home/cch/ros_homework/build/image_msg
[1.037s] [35m[1mConsolidate compiler generated dependencies of target image_msg__rosidl_generator_c[0m
[1.040s] [  3%] Built target image_msg__cpp
[1.041s] [ 12%] Built target image_msg__rosidl_generator_c
[1.044s] [ 12%] Built target ament_cmake_python_copy_image_msg
[1.045s] [35m[1mConsolidate compiler generated dependencies of target image_msg__rosidl_typesupport_cpp[0m
[1.046s] [35m[1mConsolidate compiler generated dependencies of target image_msg__rosidl_typesupport_fastrtps_cpp[0m
[1.046s] [35m[1mConsolidate compiler generated dependencies of target image_msg__rosidl_typesupport_introspection_cpp[0m
[1.046s] [35m[1mConsolidate compiler generated dependencies of target image_msg__rosidl_typesupport_fastrtps_c[0m
[1.047s] [35m[1mConsolidate compiler generated dependencies of target image_msg__rosidl_typesupport_introspection_c[0m
[1.047s] [35m[1mConsolidate compiler generated dependencies of target image_msg__rosidl_typesupport_c[0m
[1.051s] [ 22%] Built target image_msg__rosidl_typesupport_cpp
[1.052s] [ 32%] Built target image_msg__rosidl_typesupport_introspection_c
[1.052s] [ 41%] Built target image_msg__rosidl_typesupport_fastrtps_cpp
[1.052s] [ 61%] Built target image_msg__rosidl_typesupport_c
[1.052s] [ 61%] Built target image_msg__rosidl_typesupport_introspection_cpp
[1.053s] [ 70%] Built target image_msg__rosidl_typesupport_fastrtps_c
[1.061s] [ 70%] Built target image_msg
[1.069s] [ 74%] [34m[1mGenerating Python code for ROS interfaces[0m
[1.096s] Traceback (most recent call last):
[1.097s]   File "/opt/ros/humble/share/rosidl_generator_py/cmake/../../../lib/rosidl_generator_py/rosidl_generator_py", line 8, in <module>
[1.097s]     from rosidl_generator_py import generate_py
[1.097s] ImportError: cannot import name 'generate_py' from 'rosidl_generator_py' (/opt/ros/humble/local/lib/python3.10/dist-packages/rosidl_generator_py/__init__.py)
[1.101s] gmake[2]: *** [image_msg__py/CMakeFiles/image_msg__py.dir/build.make:91: rosidl_generator_py/image_msg/_image_msg_s.ep.rosidl_typesupport_fastrtps_c.c] Error 1
[1.101s] gmake[1]: *** [CMakeFiles/Makefile2:590: image_msg__py/CMakeFiles/image_msg__py.dir/all] Error 2
[1.101s] gmake[1]: *** Waiting for unfinished jobs....
[1.174s] running egg_info
[1.174s] writing image_msg.egg-info/PKG-INFO
[1.174s] writing dependency_links to image_msg.egg-info/dependency_links.txt
[1.175s] writing top-level names to image_msg.egg-info/top_level.txt
[1.176s] reading manifest file 'image_msg.egg-info/SOURCES.txt'
[1.176s] writing manifest file 'image_msg.egg-info/SOURCES.txt'
[1.191s] [ 74%] Built target ament_cmake_python_build_image_msg_egg
[1.191s] gmake: *** [Makefile:146: all] Error 2
[1.193s] Invoked command in '/home/cch/ros_homework/build/image_msg' returned '2': CMAKE_PREFIX_PATH=/opt/ros/humble CONDA_PROMPT_MODIFIER=(base) /usr/bin/cmake --build /home/cch/ros_homework/build/image_msg -- -j20 -l20
