[0.041s] Invoking command in '/home/cch/ros_homework/build/image_msg': CMAKE_PREFIX_PATH=${CMAKE_PREFIX_PATH}:/home/cch/ros_homework/install/CannyRealTime:/home/cch/ros2_ws/install/py_srvcli:/home/cch/ros2_ws/install/python_parameters:/home/cch/ros2_ws/install/my_package2:/home/cch/ros2_ws/install/launch_tutorial:/opt/ros/humble CONDA_PROMPT_MODIFIER=(base) /usr/bin/cmake /home/cch/ros_homework/src/image_msg -DCMAKE_INSTALL_PREFIX=/home/cch/ros_homework/install/image_msg
[0.179s] -- The C compiler identification is GNU 11.4.0
[0.638s] -- The CXX compiler identification is GNU 11.4.0
[0.942s] -- Detecting C compiler ABI info
[1.042s] -- Detecting C compiler ABI info - done
[1.046s] -- Check for working C compiler: /usr/bin/cc - skipped
[1.048s] -- Detecting C compile features
[1.049s] -- Detecting C compile features - done
[1.051s] -- Detecting CXX compiler ABI info
[1.157s] -- Detecting CXX compiler ABI info - done
[1.161s] -- Check for working CXX compiler: /usr/bin/c++ - skipped
[1.161s] -- Detecting CXX compile features
[1.161s] -- Detecting CXX compile features - done
[1.168s] -- Found ament_cmake: 1.3.6 (/opt/ros/humble/share/ament_cmake/cmake)
[1.296s] -- Found Python3: /usr/bin/python3.10 (found version "3.10.12") found components: Interpreter 
[1.374s] -- Found rosidl_default_generators: 1.2.0 (/opt/ros/humble/share/rosidl_default_generators/cmake)
[1.379s] -- Using all available rosidl_typesupport_c: rosidl_typesupport_fastrtps_c;rosidl_typesupport_introspection_c
[1.385s] -- Found rosidl_adapter: 3.1.5 (/opt/ros/humble/share/rosidl_adapter/cmake)
[1.519s] -- Using all available rosidl_typesupport_cpp: rosidl_typesupport_fastrtps_cpp;rosidl_typesupport_introspection_cpp
[1.712s] -- Found ament_cmake_ros: 0.10.0 (/opt/ros/humble/share/ament_cmake_ros/cmake)
[1.839s] -- Using all available rosidl_typesupport_c: rosidl_typesupport_fastrtps_c;rosidl_typesupport_introspection_c
[1.995s] -- Using all available rosidl_typesupport_cpp: rosidl_typesupport_fastrtps_cpp;rosidl_typesupport_introspection_cpp
[2.105s] -- Found PythonInterp: /home/cch/anaconda3/bin/python3 (found suitable version "3.11.5", minimum required is "3.6") 
[2.109s] -- Found python_cmake_module: 0.10.0 (/opt/ros/humble/share/python_cmake_module/cmake)
[2.127s] -- Found PythonLibs: /home/cch/anaconda3/lib/libpython3.11.so (found suitable version "3.11.5", minimum required is "3.5") 
[2.127s] -- Using PYTHON_EXECUTABLE: /home/cch/anaconda3/bin/python3
[2.127s] -- Using PYTHON_INCLUDE_DIRS: /home/cch/anaconda3/include/python3.11
[2.128s] -- Using PYTHON_LIBRARIES: /home/cch/anaconda3/lib/libpython3.11.so
[2.141s] -- Found PythonExtra: .so  
[2.362s] -- Using numpy include directory: /home/cch/anaconda3/lib/python3.11/site-packages/numpy/core/include
[2.369s] -- Found ament_lint_auto: 0.12.9 (/opt/ros/humble/share/ament_lint_auto/cmake)
[2.391s] -- Added test 'lint_cmake' to check CMake code style
[2.392s] -- Added test 'xmllint' to check XML markup files
[2.394s] -- Configuring done
[2.415s] -- Generating done
[2.416s] -- Build files have been written to: /home/cch/ros_homework/build/image_msg
[2.421s] Invoked command in '/home/cch/ros_homework/build/image_msg' returned '0': CMAKE_PREFIX_PATH=${CMAKE_PREFIX_PATH}:/home/cch/ros_homework/install/CannyRealTime:/home/cch/ros2_ws/install/py_srvcli:/home/cch/ros2_ws/install/python_parameters:/home/cch/ros2_ws/install/my_package2:/home/cch/ros2_ws/install/launch_tutorial:/opt/ros/humble CONDA_PROMPT_MODIFIER=(base) /usr/bin/cmake /home/cch/ros_homework/src/image_msg -DCMAKE_INSTALL_PREFIX=/home/cch/ros_homework/install/image_msg
[2.423s] Invoking command in '/home/cch/ros_homework/build/image_msg': CMAKE_PREFIX_PATH=${CMAKE_PREFIX_PATH}:/home/cch/ros_homework/install/CannyRealTime:/home/cch/ros2_ws/install/py_srvcli:/home/cch/ros2_ws/install/python_parameters:/home/cch/ros2_ws/install/my_package2:/home/cch/ros2_ws/install/launch_tutorial:/opt/ros/humble CONDA_PROMPT_MODIFIER=(base) /usr/bin/cmake --build /home/cch/ros_homework/build/image_msg -- -j20 -l20
[2.442s] [  3%] [34m[1mGenerating C code for ROS interfaces[0m
[2.447s] [  6%] [34m[1mGenerating C++ code for ROS interfaces[0m
[2.450s] [  6%] Built target ament_cmake_python_copy_image_msg
[2.592s] running egg_info
[2.593s] creating image_msg.egg-info
[2.593s] writing image_msg.egg-info/PKG-INFO
[2.593s] writing dependency_links to image_msg.egg-info/dependency_links.txt
[2.593s] writing top-level names to image_msg.egg-info/top_level.txt
[2.593s] writing manifest file 'image_msg.egg-info/SOURCES.txt'
[2.594s] reading manifest file 'image_msg.egg-info/SOURCES.txt'
[2.595s] writing manifest file 'image_msg.egg-info/SOURCES.txt'
[2.609s] [  6%] Built target ament_cmake_python_build_image_msg_egg
[2.630s] [  6%] Built target image_msg__cpp
[2.635s] [ 12%] [34m[1mGenerating C++ type support dispatch for ROS interfaces[0m
[2.635s] [ 12%] [34m[1mGenerating C++ type support for eProsima Fast-RTPS[0m
[2.636s] [ 16%] [34m[1mGenerating C++ introspection for ROS interfaces[0m
[2.641s] [ 19%] [32mBuilding C object CMakeFiles/image_msg__rosidl_generator_c.dir/rosidl_generator_c/image_msg/msg/detail/camera_image__functions.c.o[0m
[2.685s] [ 22%] [32m[1mLinking C shared library libimage_msg__rosidl_generator_c.so[0m
[2.788s] [ 22%] Built target image_msg__rosidl_generator_c
[2.790s] [ 25%] [32mBuilding CXX object CMakeFiles/image_msg__rosidl_typesupport_cpp.dir/rosidl_typesupport_cpp/image_msg/msg/camera_image__type_support.cpp.o[0m
[2.793s] [ 29%] [34m[1mGenerating C type support for eProsima Fast-RTPS[0m
[2.793s] [ 32%] [34m[1mGenerating C introspection for ROS interfaces[0m
[2.794s] [ 35%] [34m[1mGenerating C type support dispatch for ROS interfaces[0m
[2.803s] [ 38%] [32mBuilding CXX object CMakeFiles/image_msg__rosidl_typesupport_introspection_cpp.dir/rosidl_typesupport_introspection_cpp/image_msg/msg/detail/camera_image__type_support.cpp.o[0m
[2.813s] [ 41%] [32mBuilding CXX object CMakeFiles/image_msg__rosidl_typesupport_fastrtps_cpp.dir/rosidl_typesupport_fastrtps_cpp/image_msg/msg/detail/dds_fastrtps/camera_image__type_support.cpp.o[0m
[2.956s] [ 45%] [32mBuilding CXX object CMakeFiles/image_msg__rosidl_typesupport_c.dir/rosidl_typesupport_c/image_msg/msg/camera_image__type_support.cpp.o[0m
[2.972s] [ 48%] [32m[1mLinking CXX shared library libimage_msg__rosidl_typesupport_cpp.so[0m
[2.972s] [ 51%] [32m[1mLinking CXX shared library libimage_msg__rosidl_typesupport_c.so[0m
[2.973s] [ 54%] [32mBuilding C object CMakeFiles/image_msg__rosidl_typesupport_introspection_c.dir/rosidl_typesupport_introspection_c/image_msg/msg/detail/camera_image__type_support.c.o[0m
[2.980s] [ 58%] [32mBuilding CXX object CMakeFiles/image_msg__rosidl_typesupport_fastrtps_c.dir/rosidl_typesupport_fastrtps_c/image_msg/msg/detail/camera_image__type_support_c.cpp.o[0m
[2.993s] [ 61%] [32m[1mLinking C shared library libimage_msg__rosidl_typesupport_introspection_c.so[0m
[3.053s] [ 61%] Built target image_msg__rosidl_typesupport_c
[3.053s] [ 61%] Built target image_msg__rosidl_typesupport_cpp
[3.061s] [ 64%] [32m[1mLinking CXX shared library libimage_msg__rosidl_typesupport_introspection_cpp.so[0m
[3.083s] [ 67%] [32m[1mLinking CXX shared library libimage_msg__rosidl_typesupport_fastrtps_cpp.so[0m
[3.083s] [ 67%] Built target image_msg__rosidl_typesupport_introspection_c
[3.159s] [ 70%] [32m[1mLinking CXX shared library libimage_msg__rosidl_typesupport_fastrtps_c.so[0m
[3.210s] [ 70%] Built target image_msg__rosidl_typesupport_introspection_cpp
[3.231s] [ 70%] Built target image_msg__rosidl_typesupport_fastrtps_cpp
[3.294s] [ 70%] Built target image_msg__rosidl_typesupport_fastrtps_c
[3.303s] [ 70%] Built target image_msg
[3.311s] [ 74%] [34m[1mGenerating Python code for ROS interfaces[0m
[3.343s] Traceback (most recent call last):
[3.343s]   File "/opt/ros/humble/share/rosidl_generator_py/cmake/../../../lib/rosidl_generator_py/rosidl_generator_py", line 8, in <module>
[3.343s]     from rosidl_generator_py import generate_py
[3.343s] ImportError: cannot import name 'generate_py' from 'rosidl_generator_py' (/opt/ros/humble/local/lib/python3.10/dist-packages/rosidl_generator_py/__init__.py)
[3.347s] gmake[2]: *** [image_msg__py/CMakeFiles/image_msg__py.dir/build.make:91: rosidl_generator_py/image_msg/_image_msg_s.ep.rosidl_typesupport_fastrtps_c.c] Error 1
[3.347s] gmake[1]: *** [CMakeFiles/Makefile2:590: image_msg__py/CMakeFiles/image_msg__py.dir/all] Error 2
[3.347s] gmake: *** [Makefile:146: all] Error 2
[3.349s] Invoked command in '/home/cch/ros_homework/build/image_msg' returned '2': CMAKE_PREFIX_PATH=${CMAKE_PREFIX_PATH}:/home/cch/ros_homework/install/CannyRealTime:/home/cch/ros2_ws/install/py_srvcli:/home/cch/ros2_ws/install/python_parameters:/home/cch/ros2_ws/install/my_package2:/home/cch/ros2_ws/install/launch_tutorial:/opt/ros/humble CONDA_PROMPT_MODIFIER=(base) /usr/bin/cmake --build /home/cch/ros_homework/build/image_msg -- -j20 -l20
