[0.041s] Invoking command in '/home/cch/ros_homework/build/image_msg': CMAKE_PREFIX_PATH=${CMAKE_PREFIX_PATH}:/home/cch/ros_homework/install/CannyRealTime:/home/cch/ros2_ws/install/py_srvcli:/home/cch/ros2_ws/install/python_parameters:/home/cch/ros2_ws/install/my_package2:/home/cch/ros2_ws/install/launch_tutorial:/opt/ros/humble CONDA_PROMPT_MODIFIER=(base) /usr/bin/cmake --build /home/cch/ros_homework/build/image_msg -- -j20 -l20
[0.053s] -- Found ament_cmake: 1.3.6 (/opt/ros/humble/share/ament_cmake/cmake)
[0.146s] -- Found rosidl_default_generators: 1.2.0 (/opt/ros/humble/share/rosidl_default_generators/cmake)
[0.147s] -- Using all available rosidl_typesupport_c: rosidl_typesupport_fastrtps_c;rosidl_typesupport_introspection_c
[0.149s] -- Found rosidl_adapter: 3.1.5 (/opt/ros/humble/share/rosidl_adapter/cmake)
[0.273s] -- Using all available rosidl_typesupport_cpp: rosidl_typesupport_fastrtps_cpp;rosidl_typesupport_introspection_cpp
[0.446s] -- Found ament_cmake_ros: 0.10.0 (/opt/ros/humble/share/ament_cmake_ros/cmake)
[0.558s] -- Using all available rosidl_typesupport_c: rosidl_typesupport_fastrtps_c;rosidl_typesupport_introspection_c
[0.705s] -- Using all available rosidl_typesupport_cpp: rosidl_typesupport_fastrtps_cpp;rosidl_typesupport_introspection_cpp
[0.719s] -- Found python_cmake_module: 0.10.0 (/opt/ros/humble/share/python_cmake_module/cmake)
[0.734s] -- Using PYTHON_EXECUTABLE: /home/cch/anaconda3/bin/python3
[0.734s] -- Using PYTHON_INCLUDE_DIRS: /home/cch/anaconda3/include/python3.11
[0.734s] -- Using PYTHON_LIBRARIES: /home/cch/anaconda3/lib/libpython3.11.so
[0.855s] -- Using numpy include directory: /home/cch/anaconda3/lib/python3.11/site-packages/numpy/core/include
[0.856s] -- Found ament_lint_auto: 0.12.9 (/opt/ros/humble/share/ament_lint_auto/cmake)
[0.860s] -- Added test 'lint_cmake' to check CMake code style
[0.861s] -- Added test 'xmllint' to check XML markup files
[0.862s] -- Configuring done
[0.877s] -- Generating done
[0.879s] -- Build files have been written to: /home/cch/ros_homework/build/image_msg
[0.892s] [35m[1mConsolidate compiler generated dependencies of target image_msg__rosidl_generator_c[0m
[0.897s] [  3%] Built target image_msg__cpp
[0.897s] [ 12%] Built target image_msg__rosidl_generator_c
[0.901s] [35m[1mConsolidate compiler generated dependencies of target image_msg__rosidl_typesupport_cpp[0m
[0.902s] [35m[1mConsolidate compiler generated dependencies of target image_msg__rosidl_typesupport_fastrtps_cpp[0m
[0.902s] [35m[1mConsolidate compiler generated dependencies of target image_msg__rosidl_typesupport_fastrtps_c[0m
[0.902s] [35m[1mConsolidate compiler generated dependencies of target image_msg__rosidl_typesupport_introspection_cpp[0m
[0.902s] [35m[1mConsolidate compiler generated dependencies of target image_msg__rosidl_typesupport_c[0m
[0.903s] [ 12%] Built target ament_cmake_python_copy_image_msg
[0.903s] [35m[1mConsolidate compiler generated dependencies of target image_msg__rosidl_typesupport_introspection_c[0m
[0.908s] [ 22%] Built target image_msg__rosidl_typesupport_c
[0.908s] [ 32%] Built target image_msg__rosidl_typesupport_introspection_cpp
[0.908s] [ 41%] Built target image_msg__rosidl_typesupport_fastrtps_c
[0.909s] [ 51%] Built target image_msg__rosidl_typesupport_introspection_c
[0.909s] [ 61%] Built target image_msg__rosidl_typesupport_cpp
[0.909s] [ 70%] Built target image_msg__rosidl_typesupport_fastrtps_cpp
[0.919s] [ 70%] Built target image_msg
[0.928s] [ 74%] [34m[1mGenerating Python code for ROS interfaces[0m
[0.958s] Traceback (most recent call last):
[0.959s]   File "/opt/ros/humble/share/rosidl_generator_py/cmake/../../../lib/rosidl_generator_py/rosidl_generator_py", line 8, in <module>
[0.959s]     from rosidl_generator_py import generate_py
[0.959s] ImportError: cannot import name 'generate_py' from 'rosidl_generator_py' (/opt/ros/humble/local/lib/python3.10/dist-packages/rosidl_generator_py/__init__.py)
[0.964s] gmake[2]: *** [image_msg__py/CMakeFiles/image_msg__py.dir/build.make:91: rosidl_generator_py/image_msg/_image_msg_s.ep.rosidl_typesupport_fastrtps_c.c] Error 1
[0.964s] gmake[1]: *** [CMakeFiles/Makefile2:590: image_msg__py/CMakeFiles/image_msg__py.dir/all] Error 2
[0.964s] gmake[1]: *** Waiting for unfinished jobs....
[1.044s] running egg_info
[1.045s] writing image_msg.egg-info/PKG-INFO
[1.045s] writing dependency_links to image_msg.egg-info/dependency_links.txt
[1.045s] writing top-level names to image_msg.egg-info/top_level.txt
[1.046s] reading manifest file 'image_msg.egg-info/SOURCES.txt'
[1.046s] writing manifest file 'image_msg.egg-info/SOURCES.txt'
[1.061s] [ 74%] Built target ament_cmake_python_build_image_msg_egg
[1.061s] gmake: *** [Makefile:146: all] Error 2
[1.062s] Invoked command in '/home/cch/ros_homework/build/image_msg' returned '2': CMAKE_PREFIX_PATH=${CMAKE_PREFIX_PATH}:/home/cch/ros_homework/install/CannyRealTime:/home/cch/ros2_ws/install/py_srvcli:/home/cch/ros2_ws/install/python_parameters:/home/cch/ros2_ws/install/my_package2:/home/cch/ros2_ws/install/launch_tutorial:/opt/ros/humble CONDA_PROMPT_MODIFIER=(base) /usr/bin/cmake --build /home/cch/ros_homework/build/image_msg -- -j20 -l20
